2025-05-09 20:12:11,629 - INFO - Loading preprocessed data
2025-05-09 20:12:13,051 - INFO - Data loaded: 1211 samples with shape (100, 96) features
2025-05-09 20:12:13,051 - INFO - Number of classes: 12
2025-05-09 20:12:13,072 - INFO - Data split - Train: (847, 100, 96), Val: (182, 100, 96), Test: (182, 100, 96)
2025-05-09 20:12:13,118 - INFO - Model architecture built and compiled
2025-05-09 20:12:13,120 - INFO - Model: "sequential"
┏━━━━━━━━━━━━━━━━━━━━━━━━━━━━━━━━━━━━━━┳━━━━━━━━━━━━━━━━━━━━━━━━━━━━━┳━━━━━━━━━━━━━━━━━┓
┃ Layer (type)                         ┃ Output Shape                ┃         Param # ┃
┡━━━━━━━━━━━━━━━━━━━━━━━━━━━━━━━━━━━━━━╇━━━━━━━━━━━━━━━━━━━━━━━━━━━━━╇━━━━━━━━━━━━━━━━━┩
│ lstm (LSTM)                          │ (None, 100, 128)            │         115,200 │
├──────────────────────────────────────┼─────────────────────────────┼─────────────────┤
│ batch_normalization                  │ (None, 100, 128)            │             512 │
│ (BatchNormalization)                 │                             │                 │
├──────────────────────────────────────┼─────────────────────────────┼─────────────────┤
│ lstm_1 (LSTM)                        │ (None, 100, 64)             │          49,408 │
├──────────────────────────────────────┼─────────────────────────────┼─────────────────┤
│ batch_normalization_1                │ (None, 100, 64)             │             256 │
│ (BatchNormalization)                 │                             │                 │
├──────────────────────────────────────┼─────────────────────────────┼─────────────────┤
│ gru (GRU)                            │ (None, 100, 64)             │          24,960 │
├──────────────────────────────────────┼─────────────────────────────┼─────────────────┤
│ batch_normalization_2                │ (None, 100, 64)             │             256 │
│ (BatchNormalization)                 │                             │                 │
├──────────────────────────────────────┼─────────────────────────────┼─────────────────┤
│ gru_1 (GRU)                          │ (None, 32)                  │           9,408 │
├──────────────────────────────────────┼─────────────────────────────┼─────────────────┤
│ batch_normalization_3                │ (None, 32)                  │             128 │
│ (BatchNormalization)                 │                             │                 │
├──────────────────────────────────────┼─────────────────────────────┼─────────────────┤
│ dense (Dense)                        │ (None, 64)                  │           2,112 │
├──────────────────────────────────────┼─────────────────────────────┼─────────────────┤
│ dropout (Dropout)                    │ (None, 64)                  │               0 │
├──────────────────────────────────────┼─────────────────────────────┼─────────────────┤
│ dense_1 (Dense)                      │ (None, 12)                  │             780 │
└──────────────────────────────────────┴─────────────────────────────┴─────────────────┘
 Total params: 203,020 (793.05 KB)
 Trainable params: 202,444 (790.80 KB)
 Non-trainable params: 576 (2.25 KB)

2025-05-09 20:12:13,120 - INFO - Model initialized with input shape: (100, 96) and 12 classes
2025-05-09 20:12:13,120 - INFO - Starting model training
2025-05-09 20:12:16,881 - WARNING - You are saving your model as an HDF5 file via `model.save()` or `keras.saving.save_model(model)`. This file format is considered legacy. We recommend using instead the native Keras format, e.g. `model.save('my_model.keras')` or `keras.saving.save_model(model, 'my_model.keras')`. 
2025-05-09 20:12:18,505 - WARNING - You are saving your model as an HDF5 file via `model.save()` or `keras.saving.save_model(model)`. This file format is considered legacy. We recommend using instead the native Keras format, e.g. `model.save('my_model.keras')` or `keras.saving.save_model(model, 'my_model.keras')`. 
2025-05-09 20:12:20,099 - WARNING - You are saving your model as an HDF5 file via `model.save()` or `keras.saving.save_model(model)`. This file format is considered legacy. We recommend using instead the native Keras format, e.g. `model.save('my_model.keras')` or `keras.saving.save_model(model, 'my_model.keras')`. 
2025-05-09 20:12:21,759 - WARNING - You are saving your model as an HDF5 file via `model.save()` or `keras.saving.save_model(model)`. This file format is considered legacy. We recommend using instead the native Keras format, e.g. `model.save('my_model.keras')` or `keras.saving.save_model(model, 'my_model.keras')`. 
2025-05-09 20:12:25,205 - WARNING - You are saving your model as an HDF5 file via `model.save()` or `keras.saving.save_model(model)`. This file format is considered legacy. We recommend using instead the native Keras format, e.g. `model.save('my_model.keras')` or `keras.saving.save_model(model, 'my_model.keras')`. 
2025-05-09 20:12:28,659 - WARNING - You are saving your model as an HDF5 file via `model.save()` or `keras.saving.save_model(model)`. This file format is considered legacy. We recommend using instead the native Keras format, e.g. `model.save('my_model.keras')` or `keras.saving.save_model(model, 'my_model.keras')`. 
2025-05-09 20:12:30,243 - WARNING - You are saving your model as an HDF5 file via `model.save()` or `keras.saving.save_model(model)`. This file format is considered legacy. We recommend using instead the native Keras format, e.g. `model.save('my_model.keras')` or `keras.saving.save_model(model, 'my_model.keras')`. 
2025-05-09 20:12:33,573 - WARNING - You are saving your model as an HDF5 file via `model.save()` or `keras.saving.save_model(model)`. This file format is considered legacy. We recommend using instead the native Keras format, e.g. `model.save('my_model.keras')` or `keras.saving.save_model(model, 'my_model.keras')`. 
2025-05-09 20:12:35,273 - WARNING - You are saving your model as an HDF5 file via `model.save()` or `keras.saving.save_model(model)`. This file format is considered legacy. We recommend using instead the native Keras format, e.g. `model.save('my_model.keras')` or `keras.saving.save_model(model, 'my_model.keras')`. 
2025-05-09 20:13:06,455 - WARNING - You are saving your model as an HDF5 file via `model.save()` or `keras.saving.save_model(model)`. This file format is considered legacy. We recommend using instead the native Keras format, e.g. `model.save('my_model.keras')` or `keras.saving.save_model(model, 'my_model.keras')`. 
2025-05-09 20:15:01,619 - INFO - Model training completed
2025-05-09 20:15:01,623 - INFO - Evaluating model on test data
2025-05-09 20:15:01,830 - INFO - Test accuracy: 0.8516
2025-05-09 20:15:01,830 - INFO - Test loss: 0.5215
2025-05-09 20:15:01,830 - WARNING - You are saving your model as an HDF5 file via `model.save()` or `keras.saving.save_model(model)`. This file format is considered legacy. We recommend using instead the native Keras format, e.g. `model.save('my_model.keras')` or `keras.saving.save_model(model, 'my_model.keras')`. 
2025-05-09 20:15:01,844 - INFO - Model saved to models/classification/DL/hybrid_lstm_gru_model.h5
2025-05-09 20:15:01,844 - INFO - Training completed successfully
